<?xml version="1.0" encoding="UTF-8"?>
<!-- Generated by org.testng.reporters.JUnitReportReporter -->
<testsuite hostname="NEU-LDSNR66" failures="0" tests="1" name="RunnerClasses.Useradd" time="52.980" errors="0" timestamp="2024-01-23T13:06:17 IST" skipped="0">
  <testcase classname="RunnerClasses.Useradd" name="CreateUser" time="52.980"/>
  <system-out/>
</testsuite> <!-- RunnerClasses.Useradd -->
