<?xml version="1.0" encoding="UTF-8"?>
<!-- Generated by org.testng.reporters.JUnitReportReporter -->
<testsuite hostname="NEU-LDSNR66" failures="0" tests="1" name="executionScripts.Useradd" time="28.441" errors="0" timestamp="2024-02-14T18:33:23 IST" skipped="0">
  <testcase classname="executionScripts.Useradd" name="CreateUser" time="28.441"/>
  <system-out>
    <![CDATA[Execution Started, trying to login as ADMIN User]]>
  </system-out>
</testsuite> <!-- executionScripts.Useradd -->
