<?xml version="1.0" encoding="UTF-8"?>
<!-- Generated by org.testng.reporters.JUnitReportReporter -->
<testsuite hostname="NEU-LDSNR66" failures="0" tests="1" name="executionScripts.CalenderSchedules" time="20.710" errors="0" timestamp="2024-02-13T19:20:40 IST" skipped="0">
  <testcase classname="executionScripts.CalenderSchedules" name="CaSchedule" time="20.710"/>
  <system-out>
    <![CDATA[Execution Started, trying to login as ADMIN User
Dat clicked]]>
  </system-out>
</testsuite> <!-- executionScripts.CalenderSchedules -->
