<?xml version="1.0" encoding="UTF-8"?>
<!-- Generated by org.testng.reporters.JUnitReportReporter -->
<testsuite hostname="NEU-LDSNR66" failures="0" tests="1" name="executionScripts.loginToApplication" time="4.511" errors="0" timestamp="2024-01-30T22:12:01 IST" skipped="0">
  <testcase classname="executionScripts.loginToApplication" name="Login" time="4.511"/>
  <system-out>
    <![CDATA[Execution Started, trying to login as ADMIN User]]>
  </system-out>
</testsuite> <!-- executionScripts.loginToApplication -->
