<?xml version="1.0" encoding="UTF-8"?>
<!-- Generated by org.testng.reporters.JUnitReportReporter -->
<testsuite hostname="NEU-LDSNR66" failures="0" tests="1" name="executionScripts.Addvehiclenames" time="15.222" errors="0" timestamp="2024-02-06T12:57:09 IST" skipped="0">
  <testcase classname="executionScripts.Addvehiclenames" name="Vehiclenamesadd" time="15.222"/>
  <system-out>
    <![CDATA[Execution Started, trying to login as ADMIN User]]>
  </system-out>
</testsuite> <!-- executionScripts.Addvehiclenames -->
