<?xml version="1.0" encoding="UTF-8"?>
<!-- Generated by org.testng.reporters.JUnitReportReporter -->
<testsuite hostname="NEU-LDSNR66" failures="0" tests="1" name="executionScripts.Addcomments" time="23.767" errors="0" timestamp="2024-02-05T11:46:01 IST" skipped="0">
  <testcase classname="executionScripts.Addcomments" name="Commentadding" time="23.767"/>
  <system-out>
    <![CDATA[Execution Started, trying to login as ADMIN User]]>
  </system-out>
</testsuite> <!-- executionScripts.Addcomments -->
